build/app/intermediates/manifest_merge_blame_file/release/manifest-merger-blame-release-report.txt
1<?xml version="1.0" encoding="utf-8"?>
2<manifest xmlns:android="http://schemas.android.com/apk/res/android"
3    package="com.lnm.Electa"
4    android:versionCode="4001"
5    android:versionName="1.0.0" >
6
7    <uses-sdk
8        android:minSdkVersion="21"
8-->src\main\AndroidManifest.xml
9        android:targetSdkVersion="30" />
9-->src\main\AndroidManifest.xml
10
11    <queries>
11-->src\main\AndroidManifest.xml:4:5-17:15
12        <intent>
12-->src\main\AndroidManifest.xml:5:9-8:18
13            <action android:name="android.intent.action.VIEW" />
13-->src\main\AndroidManifest.xml:6:13-65
13-->src\main\AndroidManifest.xml:6:21-62
14
15            <data android:scheme="https" />
15-->src\main\AndroidManifest.xml:7:13-44
15-->src\main\AndroidManifest.xml:7:19-41
16        </intent>
17        <intent>
17-->src\main\AndroidManifest.xml:9:9-12:18
18            <action android:name="android.intent.action.DIAL" />
18-->src\main\AndroidManifest.xml:10:13-65
18-->src\main\AndroidManifest.xml:10:21-62
19
20            <data android:scheme="tel" />
20-->src\main\AndroidManifest.xml:7:13-44
20-->src\main\AndroidManifest.xml:7:19-41
21        </intent>
22        <intent>
22-->src\main\AndroidManifest.xml:13:9-16:18
23            <action android:name="android.intent.action.SEND" />
23-->src\main\AndroidManifest.xml:14:13-65
23-->src\main\AndroidManifest.xml:14:21-62
24
25            <data android:mimeType="*/*" />
25-->src\main\AndroidManifest.xml:7:13-44
25-->src\main\AndroidManifest.xml:15:19-41
26        </intent>
27    </queries>
28
29    <uses-feature android:name="android.hardware.camera" />
29-->[:flutter_mobile_vision] AndroidManifest.xml:7:5-60
29-->[:flutter_mobile_vision] AndroidManifest.xml:7:19-57
30
31    <uses-permission android:name="android.permission.CAMERA" />
31-->[:flutter_mobile_vision] AndroidManifest.xml:9:5-65
31-->[:flutter_mobile_vision] AndroidManifest.xml:9:22-62
32    <uses-permission android:name="android.permission.INTERNET" />
32-->[com.google.firebase:firebase-auth:21.0.1] AndroidManifest.xml:23:5-67
32-->[com.google.firebase:firebase-auth:21.0.1] AndroidManifest.xml:23:22-64
33    <uses-permission android:name="android.permission.ACCESS_NETWORK_STATE" />
33-->[com.google.firebase:firebase-auth:21.0.1] AndroidManifest.xml:24:5-79
33-->[com.google.firebase:firebase-auth:21.0.1] AndroidManifest.xml:24:22-76
34    <uses-permission android:name="android.permission.WAKE_LOCK" />
34-->[com.google.android.gms:play-services-measurement-api:19.0.0] AndroidManifest.xml:24:5-68
34-->[com.google.android.gms:play-services-measurement-api:19.0.0] AndroidManifest.xml:24:22-65
35    <uses-permission android:name="com.google.android.finsky.permission.BIND_GET_INSTALL_REFERRER_SERVICE" />
35-->[com.google.android.gms:play-services-measurement:19.0.0] AndroidManifest.xml:26:5-110
35-->[com.google.android.gms:play-services-measurement:19.0.0] AndroidManifest.xml:26:22-107
36
37    <application
37-->src\main\AndroidManifest.xml:19:4-63:19
38        android:appComponentFactory="androidx.core.app.CoreComponentFactory"
38-->[androidx.core:core:1.5.0] AndroidManifest.xml:24:18-86
39        android:icon="@mipmap/lnm"
39-->src\main\AndroidManifest.xml:21:9-35
40        android:label="Electa" >
40-->src\main\AndroidManifest.xml:20:9-31
41        <activity
41-->src\main\AndroidManifest.xml:22:9-50:20
42            android:name="com.lnm.Electa.MainActivity"
42-->src\main\AndroidManifest.xml:23:13-41
43            android:configChanges="orientation|keyboardHidden|keyboard|screenSize|smallestScreenSize|locale|layoutDirection|fontScale|screenLayout|density|uiMode"
43-->src\main\AndroidManifest.xml:26:13-163
44            android:hardwareAccelerated="true"
44-->src\main\AndroidManifest.xml:27:13-47
45            android:launchMode="singleTop"
45-->src\main\AndroidManifest.xml:24:13-43
46            android:theme="@style/LaunchTheme"
46-->src\main\AndroidManifest.xml:25:13-47
47            android:windowSoftInputMode="adjustResize" >
47-->src\main\AndroidManifest.xml:28:13-55
48
49            <!--
50                 Specifies an Android theme to apply to this Activity as soon as
51                 the Android process has started. This theme is visible to the user
52                 while the Flutter UI initializes. After that, this theme continues
53                 to determine the Window background behind the Flutter UI.
54            -->
55            <meta-data
55-->src\main\AndroidManifest.xml:33:13-36:17
56                android:name="io.flutter.embedding.android.NormalTheme"
56-->src\main\AndroidManifest.xml:34:15-70
57                android:resource="@style/NormalTheme" />
57-->src\main\AndroidManifest.xml:35:15-52
58            <!--
59                 Displays an Android View that continues showing the launch screen
60                 Drawable until Flutter paints its first frame, then this splash
61                 screen fades out. A splash screen is useful to avoid any visual
62                 gap between the end of Android's launch screen and the painting of
63                 Flutter's first frame.
64            -->
65            <meta-data
65-->src\main\AndroidManifest.xml:42:13-45:17
66                android:name="io.flutter.embedding.android.SplashScreenDrawable"
66-->src\main\AndroidManifest.xml:43:15-79
67                android:resource="@drawable/launch_background" />
67-->src\main\AndroidManifest.xml:44:15-61
68
69            <intent-filter>
69-->src\main\AndroidManifest.xml:46:13-49:29
70                <action android:name="android.intent.action.MAIN" />
70-->src\main\AndroidManifest.xml:47:17-68
70-->src\main\AndroidManifest.xml:47:25-66
71
72                <category android:name="android.intent.category.LAUNCHER" />
72-->src\main\AndroidManifest.xml:48:17-76
72-->src\main\AndroidManifest.xml:48:27-74
73            </intent-filter>
74        </activity>
75        <activity
75-->src\main\AndroidManifest.xml:51:9-54:71
76            android:name="com.yalantis.ucrop.UCropActivity"
76-->src\main\AndroidManifest.xml:52:13-60
77            android:screenOrientation="portrait"
77-->src\main\AndroidManifest.xml:53:13-49
78            android:theme="@style/Theme.AppCompat.Light.NoActionBar" />
78-->src\main\AndroidManifest.xml:54:13-69
79        <activity android:name="io.github.edufolly.fluttermobilevision.ocr.OcrCaptureActivity" />
79-->src\main\AndroidManifest.xml:56:9-98
79-->src\main\AndroidManifest.xml:56:19-95
80
81        <!--
82             Don't delete the meta-data below.
83             This is used by the Flutter tool to generate GeneratedPluginRegistrant.java
84        -->
85        <meta-data
85-->src\main\AndroidManifest.xml:60:9-62:33
86            android:name="flutterEmbedding"
86-->src\main\AndroidManifest.xml:61:13-44
87            android:value="2" />
87-->src\main\AndroidManifest.xml:62:13-30
88
89        <service
89-->[:cloud_firestore] AndroidManifest.xml:8:9-12:19
90            android:name="com.google.firebase.components.ComponentDiscoveryService"
90-->[:cloud_firestore] AndroidManifest.xml:8:18-89
91            android:directBootAware="true"
91-->[com.google.firebase:firebase-common:20.0.0] AndroidManifest.xml:35:13-43
92            android:exported="false" >
92-->[com.google.firebase:firebase-storage-ktx:20.0.0] AndroidManifest.xml:14:13-37
93            <meta-data
93-->[:cloud_firestore] AndroidManifest.xml:9:13-11:85
94                android:name="com.google.firebase.components:io.flutter.plugins.firebase.firestore.FlutterFirebaseFirestoreRegistrar"
94-->[:cloud_firestore] AndroidManifest.xml:10:17-134
95                android:value="com.google.firebase.components.ComponentRegistrar" />
95-->[:cloud_firestore] AndroidManifest.xml:11:17-82
96            <meta-data
96-->[:firebase_auth] AndroidManifest.xml:9:13-11:85
97                android:name="com.google.firebase.components:io.flutter.plugins.firebase.auth.FlutterFirebaseAuthRegistrar"
97-->[:firebase_auth] AndroidManifest.xml:10:17-124
98                android:value="com.google.firebase.components.ComponentRegistrar" />
98-->[:firebase_auth] AndroidManifest.xml:11:17-82
99            <meta-data
99-->[:firebase_storage] AndroidManifest.xml:9:13-11:85
100                android:name="com.google.firebase.components:io.flutter.plugins.firebase.storage.FlutterFirebaseAppRegistrar"
100-->[:firebase_storage] AndroidManifest.xml:10:17-126
101                android:value="com.google.firebase.components.ComponentRegistrar" />
101-->[:firebase_storage] AndroidManifest.xml:11:17-82
102            <meta-data
102-->[:firebase_core] AndroidManifest.xml:9:13-11:85
103                android:name="com.google.firebase.components:io.flutter.plugins.firebase.core.FlutterFirebaseCoreRegistrar"
103-->[:firebase_core] AndroidManifest.xml:10:17-124
104                android:value="com.google.firebase.components.ComponentRegistrar" />
104-->[:firebase_core] AndroidManifest.xml:11:17-82
105            <meta-data
105-->[com.google.firebase:firebase-storage-ktx:20.0.0] AndroidManifest.xml:15:13-17:85
106                android:name="com.google.firebase.components:com.google.firebase.storage.ktx.FirebaseStorageKtxRegistrar"
106-->[com.google.firebase:firebase-storage-ktx:20.0.0] AndroidManifest.xml:16:17-122
107                android:value="com.google.firebase.components.ComponentRegistrar" />
107-->[com.google.firebase:firebase-storage-ktx:20.0.0] AndroidManifest.xml:17:17-82
108            <meta-data
108-->[com.google.firebase:firebase-analytics-ktx:19.0.0] AndroidManifest.xml:11:13-13:85
109                android:name="com.google.firebase.components:com.google.firebase.analytics.ktx.FirebaseAnalyticsKtxRegistrar"
109-->[com.google.firebase:firebase-analytics-ktx:19.0.0] AndroidManifest.xml:12:17-126
110                android:value="com.google.firebase.components.ComponentRegistrar" />
110-->[com.google.firebase:firebase-analytics-ktx:19.0.0] AndroidManifest.xml:13:17-82
111            <meta-data
111-->[com.google.firebase:firebase-firestore-ktx:23.0.1] AndroidManifest.xml:15:13-17:85
112                android:name="com.google.firebase.components:com.google.firebase.firestore.ktx.FirebaseFirestoreKtxRegistrar"
112-->[com.google.firebase:firebase-firestore-ktx:23.0.1] AndroidManifest.xml:16:17-126
113                android:value="com.google.firebase.components.ComponentRegistrar" />
113-->[com.google.firebase:firebase-firestore-ktx:23.0.1] AndroidManifest.xml:17:17-82
114            <meta-data
114-->[com.google.firebase:firebase-common-ktx:20.0.0] AndroidManifest.xml:15:13-17:85
115                android:name="com.google.firebase.components:com.google.firebase.ktx.FirebaseCommonKtxRegistrar"
115-->[com.google.firebase:firebase-common-ktx:20.0.0] AndroidManifest.xml:16:17-113
116                android:value="com.google.firebase.components.ComponentRegistrar" />
116-->[com.google.firebase:firebase-common-ktx:20.0.0] AndroidManifest.xml:17:17-82
117            <meta-data
117-->[com.google.firebase:firebase-auth:21.0.1] AndroidManifest.xml:77:13-79:85
118                android:name="com.google.firebase.components:com.google.firebase.auth.FirebaseAuthRegistrar"
118-->[com.google.firebase:firebase-auth:21.0.1] AndroidManifest.xml:78:17-109
119                android:value="com.google.firebase.components.ComponentRegistrar" />
119-->[com.google.firebase:firebase-auth:21.0.1] AndroidManifest.xml:79:17-82
120            <meta-data
120-->[com.google.firebase:firebase-firestore:23.0.1] AndroidManifest.xml:20:13-22:85
121                android:name="com.google.firebase.components:com.google.firebase.firestore.FirestoreRegistrar"
121-->[com.google.firebase:firebase-firestore:23.0.1] AndroidManifest.xml:21:17-111
122                android:value="com.google.firebase.components.ComponentRegistrar" />
122-->[com.google.firebase:firebase-firestore:23.0.1] AndroidManifest.xml:22:17-82
123            <meta-data
123-->[com.google.firebase:firebase-storage:20.0.0] AndroidManifest.xml:33:13-35:85
124                android:name="com.google.firebase.components:com.google.firebase.storage.StorageRegistrar"
124-->[com.google.firebase:firebase-storage:20.0.0] AndroidManifest.xml:34:17-107
125                android:value="com.google.firebase.components.ComponentRegistrar" />
125-->[com.google.firebase:firebase-storage:20.0.0] AndroidManifest.xml:35:17-82
126            <meta-data
126-->[com.google.android.gms:play-services-measurement-api:19.0.0] AndroidManifest.xml:30:13-32:85
127                android:name="com.google.firebase.components:com.google.firebase.analytics.connector.internal.AnalyticsConnectorRegistrar"
127-->[com.google.android.gms:play-services-measurement-api:19.0.0] AndroidManifest.xml:31:17-139
128                android:value="com.google.firebase.components.ComponentRegistrar" />
128-->[com.google.android.gms:play-services-measurement-api:19.0.0] AndroidManifest.xml:32:17-82
129            <meta-data
129-->[com.google.firebase:firebase-installations:17.0.0] AndroidManifest.xml:18:13-20:85
130                android:name="com.google.firebase.components:com.google.firebase.installations.FirebaseInstallationsRegistrar"
130-->[com.google.firebase:firebase-installations:17.0.0] AndroidManifest.xml:19:17-127
131                android:value="com.google.firebase.components.ComponentRegistrar" />
131-->[com.google.firebase:firebase-installations:17.0.0] AndroidManifest.xml:20:17-82
132        </service>
133
134        <provider
134-->[:image_picker] AndroidManifest.xml:8:9-16:20
135            android:name="io.flutter.plugins.imagepicker.ImagePickerFileProvider"
135-->[:image_picker] AndroidManifest.xml:9:13-82
136            android:authorities="com.lnm.Electa.flutter.image_provider"
136-->[:image_picker] AndroidManifest.xml:10:13-74
137            android:exported="false"
137-->[:image_picker] AndroidManifest.xml:11:13-37
138            android:grantUriPermissions="true" >
138-->[:image_picker] AndroidManifest.xml:12:13-47
139            <meta-data
139-->[:image_picker] AndroidManifest.xml:13:13-15:75
140                android:name="android.support.FILE_PROVIDER_PATHS"
140-->[:image_picker] AndroidManifest.xml:14:17-67
141                android:resource="@xml/flutter_image_picker_file_paths" />
141-->[:image_picker] AndroidManifest.xml:15:17-72
142        </provider>
143
144        <activity
144-->[:url_launcher] AndroidManifest.xml:8:9-11:74
145            android:name="io.flutter.plugins.urllauncher.WebViewActivity"
145-->[:url_launcher] AndroidManifest.xml:9:13-74
146            android:exported="false"
146-->[:url_launcher] AndroidManifest.xml:10:13-37
147            android:theme="@android:style/Theme.NoTitleBar.Fullscreen" />
147-->[:url_launcher] AndroidManifest.xml:11:13-71
148        <activity
148-->[com.google.firebase:firebase-auth:21.0.1] AndroidManifest.xml:27:9-44:20
149            android:name="com.google.firebase.auth.internal.GenericIdpActivity"
149-->[com.google.firebase:firebase-auth:21.0.1] AndroidManifest.xml:28:13-80
150            android:excludeFromRecents="true"
150-->[com.google.firebase:firebase-auth:21.0.1] AndroidManifest.xml:29:13-46
151            android:exported="true"
151-->[com.google.firebase:firebase-auth:21.0.1] AndroidManifest.xml:30:13-36
152            android:launchMode="singleTask"
152-->[com.google.firebase:firebase-auth:21.0.1] AndroidManifest.xml:31:13-44
153            android:theme="@android:style/Theme.Translucent.NoTitleBar" >
153-->[com.google.firebase:firebase-auth:21.0.1] AndroidManifest.xml:32:13-72
154            <intent-filter>
154-->[com.google.firebase:firebase-auth:21.0.1] AndroidManifest.xml:33:13-43:29
155                <action android:name="android.intent.action.VIEW" />
155-->src\main\AndroidManifest.xml:6:13-65
155-->src\main\AndroidManifest.xml:6:21-62
156
157                <category android:name="android.intent.category.DEFAULT" />
157-->[com.google.firebase:firebase-auth:21.0.1] AndroidManifest.xml:36:17-76
157-->[com.google.firebase:firebase-auth:21.0.1] AndroidManifest.xml:36:27-73
158                <category android:name="android.intent.category.BROWSABLE" />
158-->[com.google.firebase:firebase-auth:21.0.1] AndroidManifest.xml:37:17-78
158-->[com.google.firebase:firebase-auth:21.0.1] AndroidManifest.xml:37:27-75
159
160                <data
160-->src\main\AndroidManifest.xml:7:13-44
161                    android:host="firebase.auth"
162                    android:path="/"
163                    android:scheme="genericidp" />
163-->src\main\AndroidManifest.xml:7:19-41
164            </intent-filter>
165        </activity>
166        <activity
166-->[com.google.firebase:firebase-auth:21.0.1] AndroidManifest.xml:45:9-62:20
167            android:name="com.google.firebase.auth.internal.RecaptchaActivity"
167-->[com.google.firebase:firebase-auth:21.0.1] AndroidManifest.xml:46:13-79
168            android:excludeFromRecents="true"
168-->[com.google.firebase:firebase-auth:21.0.1] AndroidManifest.xml:47:13-46
169            android:exported="true"
169-->[com.google.firebase:firebase-auth:21.0.1] AndroidManifest.xml:48:13-36
170            android:launchMode="singleTask"
170-->[com.google.firebase:firebase-auth:21.0.1] AndroidManifest.xml:49:13-44
171            android:theme="@android:style/Theme.Translucent.NoTitleBar" >
171-->[com.google.firebase:firebase-auth:21.0.1] AndroidManifest.xml:50:13-72
172            <intent-filter>
172-->[com.google.firebase:firebase-auth:21.0.1] AndroidManifest.xml:51:13-61:29
173                <action android:name="android.intent.action.VIEW" />
173-->src\main\AndroidManifest.xml:6:13-65
173-->src\main\AndroidManifest.xml:6:21-62
174
175                <category android:name="android.intent.category.DEFAULT" />
175-->[com.google.firebase:firebase-auth:21.0.1] AndroidManifest.xml:36:17-76
175-->[com.google.firebase:firebase-auth:21.0.1] AndroidManifest.xml:36:27-73
176                <category android:name="android.intent.category.BROWSABLE" />
176-->[com.google.firebase:firebase-auth:21.0.1] AndroidManifest.xml:37:17-78
176-->[com.google.firebase:firebase-auth:21.0.1] AndroidManifest.xml:37:27-75
177
178                <data
178-->src\main\AndroidManifest.xml:7:13-44
179                    android:host="firebase.auth"
180                    android:path="/"
181                    android:scheme="recaptcha" />
181-->src\main\AndroidManifest.xml:7:19-41
182            </intent-filter>
183        </activity>
184
185        <service
185-->[com.google.firebase:firebase-auth:21.0.1] AndroidManifest.xml:64:9-73:19
186            android:name="com.google.firebase.auth.api.fallback.service.FirebaseAuthFallbackService"
186-->[com.google.firebase:firebase-auth:21.0.1] AndroidManifest.xml:65:13-101
187            android:enabled="true"
187-->[com.google.firebase:firebase-auth:21.0.1] AndroidManifest.xml:66:13-35
188            android:exported="false" >
188-->[com.google.firebase:firebase-auth:21.0.1] AndroidManifest.xml:67:13-37
189            <intent-filter>
189-->[com.google.firebase:firebase-auth:21.0.1] AndroidManifest.xml:68:13-72:29
190                <action android:name="com.google.firebase.auth.api.gms.service.START" />
190-->[com.google.firebase:firebase-auth:21.0.1] AndroidManifest.xml:69:17-89
190-->[com.google.firebase:firebase-auth:21.0.1] AndroidManifest.xml:69:25-86
191
192                <category android:name="android.intent.category.DEFAULT" />
192-->[com.google.firebase:firebase-auth:21.0.1] AndroidManifest.xml:36:17-76
192-->[com.google.firebase:firebase-auth:21.0.1] AndroidManifest.xml:36:27-73
193            </intent-filter>
194        </service>
195
196        <provider
196-->[com.google.firebase:firebase-common:20.0.0] AndroidManifest.xml:26:9-31:39
197            android:name="com.google.firebase.provider.FirebaseInitProvider"
197-->[com.google.firebase:firebase-common:20.0.0] AndroidManifest.xml:27:13-77
198            android:authorities="com.lnm.Electa.firebaseinitprovider"
198-->[com.google.firebase:firebase-common:20.0.0] AndroidManifest.xml:28:13-72
199            android:directBootAware="true"
199-->[com.google.firebase:firebase-common:20.0.0] AndroidManifest.xml:29:13-43
200            android:exported="false"
200-->[com.google.firebase:firebase-common:20.0.0] AndroidManifest.xml:30:13-37
201            android:initOrder="100" />
201-->[com.google.firebase:firebase-common:20.0.0] AndroidManifest.xml:31:13-36
202
203        <receiver
203-->[com.google.android.gms:play-services-measurement:19.0.0] AndroidManifest.xml:29:9-33:20
204            android:name="com.google.android.gms.measurement.AppMeasurementReceiver"
204-->[com.google.android.gms:play-services-measurement:19.0.0] AndroidManifest.xml:30:13-85
205            android:enabled="true"
205-->[com.google.android.gms:play-services-measurement:19.0.0] AndroidManifest.xml:31:13-35
206            android:exported="false" >
206-->[com.google.android.gms:play-services-measurement:19.0.0] AndroidManifest.xml:32:13-37
207        </receiver>
208
209        <service
209-->[com.google.android.gms:play-services-measurement:19.0.0] AndroidManifest.xml:35:9-38:40
210            android:name="com.google.android.gms.measurement.AppMeasurementService"
210-->[com.google.android.gms:play-services-measurement:19.0.0] AndroidManifest.xml:36:13-84
211            android:enabled="true"
211-->[com.google.android.gms:play-services-measurement:19.0.0] AndroidManifest.xml:37:13-35
212            android:exported="false" />
212-->[com.google.android.gms:play-services-measurement:19.0.0] AndroidManifest.xml:38:13-37
213        <service
213-->[com.google.android.gms:play-services-measurement:19.0.0] AndroidManifest.xml:39:9-43:72
214            android:name="com.google.android.gms.measurement.AppMeasurementJobService"
214-->[com.google.android.gms:play-services-measurement:19.0.0] AndroidManifest.xml:40:13-87
215            android:enabled="true"
215-->[com.google.android.gms:play-services-measurement:19.0.0] AndroidManifest.xml:41:13-35
216            android:exported="false"
216-->[com.google.android.gms:play-services-measurement:19.0.0] AndroidManifest.xml:42:13-37
217            android:permission="android.permission.BIND_JOB_SERVICE" />
217-->[com.google.android.gms:play-services-measurement:19.0.0] AndroidManifest.xml:43:13-69
218
219        <activity
219-->[com.google.android.gms:play-services-base:17.1.0] AndroidManifest.xml:23:9-26:75
220            android:name="com.google.android.gms.common.api.GoogleApiActivity"
220-->[com.google.android.gms:play-services-base:17.1.0] AndroidManifest.xml:24:13-79
221            android:exported="false"
221-->[com.google.android.gms:play-services-base:17.1.0] AndroidManifest.xml:25:13-37
222            android:theme="@android:style/Theme.Translucent.NoTitleBar" />
222-->[com.google.android.gms:play-services-base:17.1.0] AndroidManifest.xml:26:13-72
223
224        <meta-data
224-->[com.google.android.gms:play-services-basement:17.1.0] AndroidManifest.xml:23:9-25:69
225            android:name="com.google.android.gms.version"
225-->[com.google.android.gms:play-services-basement:17.1.0] AndroidManifest.xml:24:13-58
226            android:value="@integer/google_play_services_version" />
226-->[com.google.android.gms:play-services-basement:17.1.0] AndroidManifest.xml:25:13-66
227    </application>
228
229</manifest>